<?xml version="1.0" encoding="UTF-8"?>
<!-- Generated by org.testng.reporters.JUnitReportReporter -->
<testsuite hostname="sharanabasappa" failures="0" tests="1" name="Appium_Introduction.ScrollDemo" time="7.290" errors="0" timestamp="2025-09-02T23:21:46 IST" skipped="0">
  <testcase classname="Appium_Introduction.ScrollDemo" name="scrollDemoTest" time="7.290"/>
</testsuite> <!-- Appium_Introduction.ScrollDemo -->
