<?xml version="1.0" encoding="UTF-8"?>
<!-- Generated by org.testng.reporters.JUnitReportReporter -->
<testsuite hostname="sharanabasappa" failures="0" tests="1" name="Appium_Introduction.DragAndDropDemo" time="5.324" errors="0" timestamp="2025-09-03T18:33:26 IST" skipped="0">
  <testcase classname="Appium_Introduction.DragAndDropDemo" name="dragAndDropDemoTest" time="5.324"/>
</testsuite> <!-- Appium_Introduction.DragAndDropDemo -->
