<?xml version="1.0" encoding="UTF-8"?>
<!-- Generated by org.testng.reporters.JUnitReportReporter -->
<testsuite hostname="sharanabasappa" failures="0" tests="1" name="Appium_Introduction.LongPress" time="14.507" errors="0" timestamp="2025-09-02T14:20:18 IST" skipped="0">
  <testcase classname="Appium_Introduction.LongPress" name="longPess_Gesture" time="14.507"/>
</testsuite> <!-- Appium_Introduction.LongPress -->
