<?xml version="1.0" encoding="UTF-8"?>
<!-- Generated by org.testng.reporters.JUnitReportReporter -->
<testsuite hostname="sharanabasappa" failures="0" tests="1" name="Appium_Introduction.SwipeDemo" time="6.947" errors="0" timestamp="2025-09-03T13:27:03 IST" skipped="0">
  <testcase classname="Appium_Introduction.SwipeDemo" name="swipeDemoTest" time="6.947"/>
</testsuite> <!-- Appium_Introduction.SwipeDemo -->
