<?xml version="1.0" encoding="UTF-8"?>
<!-- Generated by org.testng.reporters.JUnitReportReporter -->
<testsuite hostname="sharanabasappa" failures="0" tests="1" name="Appium_Introduction.E2E_AppTest" time="17.816" errors="0" timestamp="2025-09-05T16:43:50 IST" skipped="0">
  <testcase classname="Appium_Introduction.E2E_AppTest" name="app_Test" time="17.816"/>
</testsuite> <!-- Appium_Introduction.E2E_AppTest -->
