<?xml version="1.0" encoding="UTF-8"?>
<!-- Generated by org.testng.reporters.JUnitReportReporter -->
<testsuite hostname="sharanabasappa" failures="0" tests="1" name="ECommerce.Ecomm_App_Tc1" time="40.484" errors="0" timestamp="2025-09-09T16:42:20 IST" skipped="0">
  <testcase classname="ECommerce.Ecomm_App_Tc1" name="fillForm" time="40.484"/>
</testsuite> <!-- ECommerce.Ecomm_App_Tc1 -->
