<?xml version="1.0" encoding="UTF-8"?>
<!-- Generated by org.testng.reporters.JUnitReportReporter -->
<testsuite hostname="sharanabasappa" failures="0" tests="1" name="Appium_Introduction.MiscellaneousAppiumAction" time="22.925" errors="0" timestamp="2025-09-05T16:20:36 IST" skipped="0">
  <testcase classname="Appium_Introduction.MiscellaneousAppiumAction" name="MiscellaneousTest" time="22.925"/>
</testsuite> <!-- Appium_Introduction.MiscellaneousAppiumAction -->
