<?xml version="1.0" encoding="UTF-8"?>
<!-- Generated by org.testng.reporters.JUnitReportReporter -->
<testsuite hostname="sharanabasappa" failures="0" tests="1" name="ECommerce.Ecomm_App_Tc3" time="47.938" errors="0" timestamp="2025-09-10T15:31:19 IST" skipped="0">
  <testcase classname="ECommerce.Ecomm_App_Tc3" name="fillForm" time="47.938"/>
</testsuite> <!-- ECommerce.Ecomm_App_Tc3 -->
