<?xml version="1.0" encoding="UTF-8"?>
<!-- Generated by org.testng.reporters.JUnitReportReporter -->
<testsuite hostname="sharanabasappa" failures="0" tests="1" name="Appium_Introduction.Appium_BasicsWifi" time="8.328" errors="0" timestamp="2025-09-02T11:24:35 IST" skipped="0">
  <testcase classname="Appium_Introduction.Appium_BasicsWifi" name="wifiSettingsName" time="8.328"/>
</testsuite> <!-- Appium_Introduction.Appium_BasicsWifi -->
